2025-09-18 22:52:16 [main] INFO  loggerClass - Driver is Starting...
2025-09-18 22:52:18 [main] INFO  loggerClass - Loading Property file...
2025-09-18 22:52:18 [main] INFO  loggerClass - Getting URL...
2025-09-18 22:52:18 [main] INFO  loggerClass - Test is Starting...
2025-09-18 22:52:19 [main] INFO  loggerClass - Getting to logging page...
2025-09-18 22:52:19 [main] INFO  loggerClass - Entering email...
2025-09-18 22:52:19 [main] INFO  loggerClass - Entering password...
2025-09-18 22:52:19 [main] INFO  loggerClass - Logging in to the system...
2025-09-18 22:52:19 [main] INFO  loggerClass - Logged in to the system!
2025-09-18 22:52:19 [main] INFO  loggerClass - Driver is Quiting...
2025-09-18 22:54:50 [main] INFO  loggerClass - Driver is Starting...
2025-09-18 22:54:52 [main] INFO  loggerClass - Loading Property file...
2025-09-18 22:54:52 [main] INFO  loggerClass - Getting URL...
2025-09-18 22:54:52 [main] INFO  loggerClass - Test is Starting...
2025-09-18 22:54:52 [main] INFO  loggerClass - Getting to logging page...
2025-09-18 22:54:53 [main] INFO  loggerClass - Entering email...
2025-09-18 22:54:53 [main] INFO  loggerClass - Entering password...
2025-09-18 22:54:53 [main] INFO  loggerClass - Logging in to the system...
2025-09-18 22:54:53 [main] INFO  loggerClass - Logged in to the system!
2025-09-18 22:54:53 [main] INFO  loggerClass - Driver is Quiting...
2025-09-18 22:56:20 [main] INFO  loggerClass - Driver is Starting...
2025-09-18 22:56:21 [main] INFO  loggerClass - Loading Property file...
2025-09-18 22:56:21 [main] INFO  loggerClass - Getting URL...
2025-09-18 22:56:22 [main] INFO  loggerClass - Test is Starting...
2025-09-18 22:56:22 [main] INFO  loggerClass - Getting to logging page...
2025-09-18 22:56:22 [main] INFO  loggerClass - Entering email...
2025-09-18 22:56:22 [main] INFO  loggerClass - Entering password...
2025-09-18 22:56:22 [main] INFO  loggerClass - Logging in to the system...
2025-09-18 22:56:23 [main] INFO  loggerClass - Logged in to the system!
2025-09-18 22:56:23 [main] INFO  loggerClass - Driver is Quiting...
2025-09-18 22:56:23 [main] INFO  loggerClass - ************************************************
2025-09-18 22:56:28 [main] INFO  loggerClass - Driver is Starting...
2025-09-18 22:56:29 [main] INFO  loggerClass - Loading Property file...
2025-09-18 22:56:29 [main] INFO  loggerClass - Getting URL...
2025-09-18 22:56:29 [main] INFO  loggerClass - Test is Starting...
2025-09-18 22:56:30 [main] INFO  loggerClass - Getting to logging page...
2025-09-18 22:56:30 [main] INFO  loggerClass - Entering email...
2025-09-18 22:56:30 [main] INFO  loggerClass - Entering password...
2025-09-18 22:56:30 [main] INFO  loggerClass - Logging in to the system...
2025-09-18 22:56:30 [main] INFO  loggerClass - Logged in to the system!
2025-09-18 22:56:30 [main] INFO  loggerClass - Driver is Quiting...
2025-09-18 22:56:30 [main] INFO  loggerClass - ************************************************
